<?xml version="1.0" encoding="UTF-8"?>
<!-- Generated by org.testng.reporters.JUnitReportReporter -->
<testsuite hostname="APL-5CD128K60D" failures="0" tests="6" name="practiceClasses.DataProviders" time="0.009" errors="0" timestamp="2022-05-12T12:43:45 IST" skipped="0">
  <testcase classname="practiceClasses.DataProviders" name="harddataprovider" time="0.000"/>
  <system-out/>
  <testcase classname="practiceClasses.DataProviders" name="harddataprovider" time="0.002"/>
  <system-out/>
  <testcase classname="practiceClasses.DataProviders" name="harddataprovider" time="0.000"/>
  <system-out/>
  <testcase classname="practiceClasses.DataProviders" name="harddataprovider" time="0.006"/>
  <system-out/>
  <testcase classname="practiceClasses.DataProviders" name="harddataprovider" time="0.001"/>
  <system-out/>
  <testcase classname="practiceClasses.DataProviders" name="harddataprovider" time="0.000"/>
  <system-out/>
</testsuite> <!-- practiceClasses.DataProviders -->
