<?xml version="1.0" encoding="UTF-8"?>
<!-- Generated by org.testng.reporters.JUnitReportReporter -->
<testsuite hostname="APL-5CD128K60D" failures="0" tests="6" name="practiceClasses.DataProvider2" time="0.008" errors="0" timestamp="2022-05-12T13:30:34 IST" skipped="0">
  <testcase classname="practiceClasses.DataProvider2" name="printexceldata" time="0.001"/>
  <system-out/>
  <testcase classname="practiceClasses.DataProvider2" name="printexceldata" time="0.000"/>
  <system-out/>
  <testcase classname="practiceClasses.DataProvider2" name="printexceldata" time="0.001"/>
  <system-out/>
  <testcase classname="practiceClasses.DataProvider2" name="printexceldata" time="0.004"/>
  <system-out/>
  <testcase classname="practiceClasses.DataProvider2" name="printexceldata" time="0.001"/>
  <system-out/>
  <testcase classname="practiceClasses.DataProvider2" name="printexceldata" time="0.001"/>
  <system-out/>
</testsuite> <!-- practiceClasses.DataProvider2 -->
