<?xml version="1.0" encoding="UTF-8"?>
<!-- Generated by org.testng.reporters.JUnitReportReporter -->
<testsuite hostname="APL-5CD128K60D" failures="0" tests="2" name="practiceClasses.Sample" time="0.007" errors="0" timestamp="2022-05-12T11:11:16 IST" skipped="0">
  <testcase classname="practiceClasses.Sample" name="harddataprovider" time="0.001"/>
  <system-out/>
  <testcase classname="practiceClasses.Sample" name="harddataprovider" time="0.006"/>
  <system-out/>
</testsuite> <!-- practiceClasses.Sample -->
